[Done]
0309_155313.5593=End to (None)
0310_143053.9708=End to (None)
0310_150351.2852=End to (None)
0310_150801.6353=End to (None)
0310_182851.9022=End to (None)
0310_183020.7057=End to (None)
0915_155018.0600=End to (None)
[LastLog]
Action=None
Key=0915_155023.4851
[None]
0309_155313.6166=Begin from (Done)
0309_155319.9174=End to (Off)
0310_143054.0409=Begin from (Done)
0310_143101.7261=End to (Off)
0310_150351.3008=Begin from (Done)
0310_150356.7618=End to (Off)
0310_150801.6353_0=Begin from (Done)
0310_150807.1305=End to (Off)
0310_182851.9178=Begin from (Done)
0310_182857.4077=End to (Off)
0310_183020.7057_0=Begin from (Done)
0310_183026.1318=End to (Off)
0915_155018.0660=Begin from (Done)
0915_155023.4851=End to (Off)
